ERROR - 2025-09-14 07:54:53 --> mysqli_sql_exception: Unknown column 'content_html' in 'field list' in E:\56. moh har\united_wholesale\02.dev\cms\backend\vendor\codeigniter4\framework\system\Database\MySQLi\Connection.php:306
Stack trace:
#0 E:\56. moh har\united_wholesale\02.dev\cms\backend\vendor\codeigniter4\framework\system\Database\MySQLi\Connection.php(306): mysqli->query('INSERT INTO `ep...', 0)
#1 E:\56. moh har\united_wholesale\02.dev\cms\backend\vendor\codeigniter4\framework\system\Database\BaseConnection.php(693): CodeIgniter\Database\MySQLi\Connection->execute('INSERT INTO `ep...')
#2 E:\56. moh har\united_wholesale\02.dev\cms\backend\vendor\codeigniter4\framework\system\Database\BaseConnection.php(607): CodeIgniter\Database\BaseConnection->simpleQuery('INSERT INTO `ep...')
#3 E:\56. moh har\united_wholesale\02.dev\cms\backend\vendor\codeigniter4\framework\system\Database\BaseBuilder.php(2302): CodeIgniter\Database\BaseConnection->query('INSERT INTO `ep...', Array, false)
#4 E:\56. moh har\united_wholesale\02.dev\cms\backend\vendor\codeigniter4\framework\system\Model.php(326): CodeIgniter\Database\BaseBuilder->insert()
#5 E:\56. moh har\united_wholesale\02.dev\cms\backend\vendor\codeigniter4\framework\system\BaseModel.php(802): CodeIgniter\Model->doInsert(Array)
#6 E:\56. moh har\united_wholesale\02.dev\cms\backend\vendor\codeigniter4\framework\system\Model.php(744): CodeIgniter\BaseModel->insert(Array, false)
#7 E:\56. moh har\united_wholesale\02.dev\cms\backend\vendor\codeigniter4\framework\system\BaseModel.php(713): CodeIgniter\Model->insert(Array, false)
#8 E:\56. moh har\united_wholesale\02.dev\cms\backend\app\Controllers\SiteConfigController.php(78): CodeIgniter\BaseModel->save(Array)
#9 E:\56. moh har\united_wholesale\02.dev\cms\backend\vendor\codeigniter4\framework\system\CodeIgniter.php(941): App\Controllers\SiteConfigController->saveTopRibbonConfig()
#10 E:\56. moh har\united_wholesale\02.dev\cms\backend\vendor\codeigniter4\framework\system\CodeIgniter.php(502): CodeIgniter\CodeIgniter->runController(Object(App\Controllers\SiteConfigController))
#11 E:\56. moh har\united_wholesale\02.dev\cms\backend\vendor\codeigniter4\framework\system\CodeIgniter.php(361): CodeIgniter\CodeIgniter->handleRequest(NULL, Object(Config\Cache), false)
#12 E:\56. moh har\united_wholesale\02.dev\cms\backend\public\index.php(79): CodeIgniter\CodeIgniter->run()
#13 {main}
CRITICAL - 2025-09-14 07:54:53 --> CodeIgniter\Database\Exceptions\DatabaseException: Unknown column 'content_html' in 'field list'
in SYSTEMPATH\Database\BaseConnection.php on line 647.
 1 SYSTEMPATH\Database\BaseBuilder.php(2302): CodeIgniter\Database\BaseConnection->query('INSERT INTO `epos_siteconfig_topribbon` (`style`, `content_html`, `editor`, `created_at`, `updated_at`) VALUES (:style:, :content_html:, :editor:, :created_at:, :updated_at:)', [...], false)
 2 SYSTEMPATH\Model.php(326): CodeIgniter\Database\BaseBuilder->insert()
 3 SYSTEMPATH\BaseModel.php(802): CodeIgniter\Model->doInsert([...])
 4 SYSTEMPATH\Model.php(744): CodeIgniter\BaseModel->insert([...], false)
 5 SYSTEMPATH\BaseModel.php(713): CodeIgniter\Model->insert([...], false)
 6 APPPATH\Controllers\SiteConfigController.php(78): CodeIgniter\BaseModel->save([...])
 7 SYSTEMPATH\CodeIgniter.php(941): App\Controllers\SiteConfigController->saveTopRibbonConfig()
 8 SYSTEMPATH\CodeIgniter.php(502): CodeIgniter\CodeIgniter->runController(Object(App\Controllers\SiteConfigController))
 9 SYSTEMPATH\CodeIgniter.php(361): CodeIgniter\CodeIgniter->handleRequest(null, Object(Config\Cache), false)
10 FCPATH\index.php(79): CodeIgniter\CodeIgniter->run()
CRITICAL - 2025-09-14 07:54:53 --> [Caused by] CodeIgniter\Database\Exceptions\DatabaseException: Unknown column 'content_html' in 'field list'
in SYSTEMPATH\Database\MySQLi\Connection.php on line 311.
 1 SYSTEMPATH\Database\BaseConnection.php(693): CodeIgniter\Database\MySQLi\Connection->execute('INSERT INTO `epos_siteconfig_topribbon` (`style`, `content_html`, `editor`, `created_at`, `updated_at`) VALUES (\'{\\"bg_color\\":\\"#555\\",\\"txt_color\\":\\"#fff\\"}\', \'<p>Hello</p>\\n\', \'5000\', \'2025-09-14 07:54:53\', \'2025-09-14 07:54:53\')')
 2 SYSTEMPATH\Database\BaseConnection.php(607): CodeIgniter\Database\BaseConnection->simpleQuery('INSERT INTO `epos_siteconfig_topribbon` (`style`, `content_html`, `editor`, `created_at`, `updated_at`) VALUES (\'{\\"bg_color\\":\\"#555\\",\\"txt_color\\":\\"#fff\\"}\', \'<p>Hello</p>\\n\', \'5000\', \'2025-09-14 07:54:53\', \'2025-09-14 07:54:53\')')
 3 SYSTEMPATH\Database\BaseBuilder.php(2302): CodeIgniter\Database\BaseConnection->query('INSERT INTO `epos_siteconfig_topribbon` (`style`, `content_html`, `editor`, `created_at`, `updated_at`) VALUES (:style:, :content_html:, :editor:, :created_at:, :updated_at:)', [...], false)
 4 SYSTEMPATH\Model.php(326): CodeIgniter\Database\BaseBuilder->insert()
 5 SYSTEMPATH\BaseModel.php(802): CodeIgniter\Model->doInsert([...])
 6 SYSTEMPATH\Model.php(744): CodeIgniter\BaseModel->insert([...], false)
 7 SYSTEMPATH\BaseModel.php(713): CodeIgniter\Model->insert([...], false)
 8 APPPATH\Controllers\SiteConfigController.php(78): CodeIgniter\BaseModel->save([...])
 9 SYSTEMPATH\CodeIgniter.php(941): App\Controllers\SiteConfigController->saveTopRibbonConfig()
10 SYSTEMPATH\CodeIgniter.php(502): CodeIgniter\CodeIgniter->runController(Object(App\Controllers\SiteConfigController))
11 SYSTEMPATH\CodeIgniter.php(361): CodeIgniter\CodeIgniter->handleRequest(null, Object(Config\Cache), false)
12 FCPATH\index.php(79): CodeIgniter\CodeIgniter->run()
CRITICAL - 2025-09-14 07:54:53 --> [Caused by] mysqli_sql_exception: Unknown column 'content_html' in 'field list'
in SYSTEMPATH\Database\MySQLi\Connection.php on line 306.
 1 SYSTEMPATH\Database\MySQLi\Connection.php(306): mysqli->query('INSERT INTO `epos_siteconfig_topribbon` (`style`, `content_html`, `editor`, `created_at`, `updated_at`) VALUES (\'{\\"bg_color\\":\\"#555\\",\\"txt_color\\":\\"#fff\\"}\', \'<p>Hello</p>\\n\', \'5000\', \'2025-09-14 07:54:53\', \'2025-09-14 07:54:53\')', 0)
 2 SYSTEMPATH\Database\BaseConnection.php(693): CodeIgniter\Database\MySQLi\Connection->execute('INSERT INTO `epos_siteconfig_topribbon` (`style`, `content_html`, `editor`, `created_at`, `updated_at`) VALUES (\'{\\"bg_color\\":\\"#555\\",\\"txt_color\\":\\"#fff\\"}\', \'<p>Hello</p>\\n\', \'5000\', \'2025-09-14 07:54:53\', \'2025-09-14 07:54:53\')')
 3 SYSTEMPATH\Database\BaseConnection.php(607): CodeIgniter\Database\BaseConnection->simpleQuery('INSERT INTO `epos_siteconfig_topribbon` (`style`, `content_html`, `editor`, `created_at`, `updated_at`) VALUES (\'{\\"bg_color\\":\\"#555\\",\\"txt_color\\":\\"#fff\\"}\', \'<p>Hello</p>\\n\', \'5000\', \'2025-09-14 07:54:53\', \'2025-09-14 07:54:53\')')
 4 SYSTEMPATH\Database\BaseBuilder.php(2302): CodeIgniter\Database\BaseConnection->query('INSERT INTO `epos_siteconfig_topribbon` (`style`, `content_html`, `editor`, `created_at`, `updated_at`) VALUES (:style:, :content_html:, :editor:, :created_at:, :updated_at:)', [...], false)
 5 SYSTEMPATH\Model.php(326): CodeIgniter\Database\BaseBuilder->insert()
 6 SYSTEMPATH\BaseModel.php(802): CodeIgniter\Model->doInsert([...])
 7 SYSTEMPATH\Model.php(744): CodeIgniter\BaseModel->insert([...], false)
 8 SYSTEMPATH\BaseModel.php(713): CodeIgniter\Model->insert([...], false)
 9 APPPATH\Controllers\SiteConfigController.php(78): CodeIgniter\BaseModel->save([...])
10 SYSTEMPATH\CodeIgniter.php(941): App\Controllers\SiteConfigController->saveTopRibbonConfig()
11 SYSTEMPATH\CodeIgniter.php(502): CodeIgniter\CodeIgniter->runController(Object(App\Controllers\SiteConfigController))
12 SYSTEMPATH\CodeIgniter.php(361): CodeIgniter\CodeIgniter->handleRequest(null, Object(Config\Cache), false)
13 FCPATH\index.php(79): CodeIgniter\CodeIgniter->run()
